# JRE version: OpenJDK Runtime Environment (8.0_112-b06) (build 1.8.0_112-release-b06)
# Java VM: OpenJDK 64-Bit Server VM (25.112-b06 mixed mode linux-amd64 compressed oops)
Heap:
 PSYoungGen      total 173568K, used 11251K [0x00000000eab00000, 0x00000000f8980000, 0x0000000100000000)
  eden space 162304K, 0% used [0x00000000eab00000,0x00000000eab00000,0x00000000f4980000)
  from space 11264K, 99% used [0x00000000f4980000,0x00000000f547cee8,0x00000000f5480000)
  to   space 12288K, 0% used [0x00000000f5480000,0x00000000f5480000,0x00000000f6080000)
 ParOldGen       total 51200K, used 18844K [0x00000000c0000000, 0x00000000c3200000, 0x00000000eab00000)
  object space 51200K, 36% used [0x00000000c0000000,0x00000000c1267330,0x00000000c3200000)
 Metaspace       used 45706K, capacity 47020K, committed 47360K, reserved 1089536K
  class space    used 6209K, capacity 6539K, committed 6656K, reserved 1048576K
GC Heap History (10 events):
Event: 3,586 GC heap after
Heap after GC invocations=6 (full 1):
 PSYoungGen      total 66048K, used 0K [0x00000000eab00000, 0x00000000f3b00000, 0x0000000100000000)
  eden space 63488K, 0% used [0x00000000eab00000,0x00000000eab00000,0x00000000ee900000)
  from space 2560K, 0% used [0x00000000ee900000,0x00000000ee900000,0x00000000eeb80000)
  to   space 10240K, 0% used [0x00000000f3100000,0x00000000f3100000,0x00000000f3b00000)
 ParOldGen       total 41472K, used 12676K [0x00000000c0000000, 0x00000000c2880000, 0x00000000eab00000)
  object space 41472K, 30% used [0x00000000c0000000,0x00000000c0c61158,0x00000000c2880000)
 Metaspace       used 20892K, capacity 21170K, committed 21296K, reserved 1067008K
  class space    used 2780K, capacity 2904K, committed 2944K, reserved 1048576K
}
Event: 4,646 GC heap before
{Heap before GC invocations=7 (full 1):
 PSYoungGen      total 66048K, used 63488K [0x00000000eab00000, 0x00000000f3b00000, 0x0000000100000000)
  eden space 63488K, 100% used [0x00000000eab00000,0x00000000ee900000,0x00000000ee900000)
  from space 2560K, 0% used [0x00000000ee900000,0x00000000ee900000,0x00000000eeb80000)
  to   space 10240K, 0% used [0x00000000f3100000,0x00000000f3100000,0x00000000f3b00000)
 ParOldGen       total 41472K, used 12676K [0x00000000c0000000, 0x00000000c2880000, 0x00000000eab00000)
  object space 41472K, 30% used [0x00000000c0000000,0x00000000c0c61158,0x00000000c2880000)
 Metaspace       used 25519K, capacity 25972K, committed 26240K, reserved 1071104K
  class space    used 3563K, capacity 3706K, committed 3712K, reserved 1048576K
Event: 4,675 GC heap after
Heap after GC invocations=7 (full 1):
 PSYoungGen      total 110080K, used 6958K [0x00000000eab00000, 0x00000000f3800000, 0x0000000100000000)
  eden space 102912K, 0% used [0x00000000eab00000,0x00000000eab00000,0x00000000f0f80000)
  from space 7168K, 97% used [0x00000000f3100000,0x00000000f37cba78,0x00000000f3800000)
  to   space 10240K, 0% used [0x00000000f2400000,0x00000000f2400000,0x00000000f2e00000)
 ParOldGen       total 41472K, used 12684K [0x00000000c0000000, 0x00000000c2880000, 0x00000000eab00000)
  object space 41472K, 30% used [0x00000000c0000000,0x00000000c0c63158,0x00000000c2880000)
 Metaspace       used 25519K, capacity 25972K, committed 26240K, reserved 1071104K
  class space    used 3563K, capacity 3706K, committed 3712K, reserved 1048576K
}
Event: 7,344 GC heap before
{Heap before GC invocations=8 (full 1):
 PSYoungGen      total 110080K, used 109870K [0x00000000eab00000, 0x00000000f3800000, 0x0000000100000000)
  eden space 102912K, 100% used [0x00000000eab00000,0x00000000f0f80000,0x00000000f0f80000)
  from space 7168K, 97% used [0x00000000f3100000,0x00000000f37cba78,0x00000000f3800000)
  to   space 10240K, 0% used [0x00000000f2400000,0x00000000f2400000,0x00000000f2e00000)
 ParOldGen       total 41472K, used 12684K [0x00000000c0000000, 0x00000000c2880000, 0x00000000eab00000)
  object space 41472K, 30% used [0x00000000c0000000,0x00000000c0c63158,0x00000000c2880000)
 Metaspace       used 34371K, capacity 35006K, committed 35328K, reserved 1079296K
  class space    used 4615K, capacity 4786K, committed 4864K, reserved 1048576K
Event: 7,364 GC heap after
Heap after GC invocations=8 (full 1):
 PSYoungGen      total 134144K, used 10218K [0x00000000eab00000, 0x00000000f6080000, 0x0000000100000000)
  eden space 123904K, 0% used [0x00000000eab00000,0x00000000eab00000,0x00000000f2400000)
  from space 10240K, 99% used [0x00000000f2400000,0x00000000f2dfab20,0x00000000f2e00000)
  to   space 12288K, 0% used [0x00000000f5480000,0x00000000f5480000,0x00000000f6080000)
 ParOldGen       total 41472K, used 12910K [0x00000000c0000000, 0x00000000c2880000, 0x00000000eab00000)
  object space 41472K, 31% used [0x00000000c0000000,0x00000000c0c9b8f8,0x00000000c2880000)
 Metaspace       used 34371K, capacity 35006K, committed 35328K, reserved 1079296K
  class space    used 4615K, capacity 4786K, committed 4864K, reserved 1048576K
}
Event: 7,524 GC heap before
{Heap before GC invocations=9 (full 1):
 PSYoungGen      total 134144K, used 29820K [0x00000000eab00000, 0x00000000f6080000, 0x0000000100000000)
  eden space 123904K, 15% used [0x00000000eab00000,0x00000000ebe24800,0x00000000f2400000)
  from space 10240K, 99% used [0x00000000f2400000,0x00000000f2dfab20,0x00000000f2e00000)
  to   space 12288K, 0% used [0x00000000f5480000,0x00000000f5480000,0x00000000f6080000)
 ParOldGen       total 41472K, used 12910K [0x00000000c0000000, 0x00000000c2880000, 0x00000000eab00000)
  object space 41472K, 31% used [0x00000000c0000000,0x00000000c0c9b8f8,0x00000000c2880000)
 Metaspace       used 34605K, capacity 35198K, committed 35496K, reserved 1079296K
  class space    used 4634K, capacity 4786K, committed 4864K, reserved 1048576K
Event: 7,539 GC heap after
Heap after GC invocations=9 (full 1):
 PSYoungGen      total 174592K, used 6208K [0x00000000eab00000, 0x00000000f8980000, 0x0000000100000000)
  eden space 162304K, 0% used [0x00000000eab00000,0x00000000eab00000,0x00000000f4980000)
  from space 12288K, 50% used [0x00000000f5480000,0x00000000f5a90000,0x00000000f6080000)
  to   space 11264K, 0% used [0x00000000f4980000,0x00000000f4980000,0x00000000f5480000)
 ParOldGen       total 41472K, used 12918K [0x00000000c0000000, 0x00000000c2880000, 0x00000000eab00000)
  object space 41472K, 31% used [0x00000000c0000000,0x00000000c0c9d8f8,0x00000000c2880000)
 Metaspace       used 34605K, capacity 35198K, committed 35496K, reserved 1079296K
  class space    used 4634K, capacity 4786K, committed 4864K, reserved 1048576K
}
Event: 7,539 GC heap before
{Heap before GC invocations=10 (full 2):
 PSYoungGen      total 174592K, used 6208K [0x00000000eab00000, 0x00000000f8980000, 0x0000000100000000)
  eden space 162304K, 0% used [0x00000000eab00000,0x00000000eab00000,0x00000000f4980000)
  from space 12288K, 50% used [0x00000000f5480000,0x00000000f5a90000,0x00000000f6080000)
  to   space 11264K, 0% used [0x00000000f4980000,0x00000000f4980000,0x00000000f5480000)
 ParOldGen       total 41472K, used 12918K [0x00000000c0000000, 0x00000000c2880000, 0x00000000eab00000)
  object space 41472K, 31% used [0x00000000c0000000,0x00000000c0c9d8f8,0x00000000c2880000)
 Metaspace       used 34605K, capacity 35198K, committed 35496K, reserved 1079296K
  class space    used 4634K, capacity 4786K, committed 4864K, reserved 1048576K
Event: 7,716 GC heap after
Heap after GC invocations=10 (full 2):
 PSYoungGen      total 174592K, used 0K [0x00000000eab00000, 0x00000000f8980000, 0x0000000100000000)
  eden space 162304K, 0% used [0x00000000eab00000,0x00000000eab00000,0x00000000f4980000)
  from space 12288K, 0% used [0x00000000f5480000,0x00000000f5480000,0x00000000f6080000)
  to   space 11264K, 0% used [0x00000000f4980000,0x00000000f4980000,0x00000000f5480000)
 ParOldGen       total 51200K, used 13341K [0x00000000c0000000, 0x00000000c3200000, 0x00000000eab00000)
  object space 51200K, 26% used [0x00000000c0000000,0x00000000c0d077d0,0x00000000c3200000)
 Metaspace       used 34605K, capacity 35198K, committed 35496K, reserved 1079296K
  class space    used 4634K, capacity 4786K, committed 4864K, reserved 1048576K
}
Event: 199,709 GC heap before
{Heap before GC invocations=11 (full 2):
 PSYoungGen      total 174592K, used 162304K [0x00000000eab00000, 0x00000000f8980000, 0x0000000100000000)
  eden space 162304K, 100% used [0x00000000eab00000,0x00000000f4980000,0x00000000f4980000)
  from space 12288K, 0% used [0x00000000f5480000,0x00000000f5480000,0x00000000f6080000)
  to   space 11264K, 0% used [0x00000000f4980000,0x00000000f4980000,0x00000000f5480000)
 ParOldGen       total 51200K, used 13341K [0x00000000c0000000, 0x00000000c3200000, 0x00000000eab00000)
  object space 51200K, 26% used [0x00000000c0000000,0x00000000c0d077d0,0x00000000c3200000)
 Metaspace       used 45706K, capacity 47020K, committed 47360K, reserved 1089536K
  class space    used 6209K, capacity 6539K, committed 6656K, reserved 1048576K

